INFO [2020-03-11 16:05:14] $x
INFO [2020-03-11 16:05:14] list(Escovopsis = esco_set, `Hypomyces/Cladobotryum` = ch_set, 
INFO [2020-03-11 16:05:14]     Trichoderma = t_set)
INFO [2020-03-11 16:05:14] 
INFO [2020-03-11 16:05:14] $height
INFO [2020-03-11 16:05:14] [1] 3000
INFO [2020-03-11 16:05:14] 
INFO [2020-03-11 16:05:14] $width
INFO [2020-03-11 16:05:14] [1] 3000
INFO [2020-03-11 16:05:14] 
INFO [2020-03-11 16:05:14] $category.names
INFO [2020-03-11 16:05:14] c(paste0("Escovopsis\n(", n_distinct(esco_set), " Orthologues across ", 
INFO [2020-03-11 16:05:14]     nrow(filter(meta, clade_groups == "Escovopsis")), " genomes)"), 
INFO [2020-03-11 16:05:14]     paste0("Cladobotryum_Hypomyces\n(", n_distinct(ch_set), " Orthogroups across ", 
INFO [2020-03-11 16:05:14]         nrow(filter(meta, clade_groups == "Hypomyces/Cladobotryum")), 
INFO [2020-03-11 16:05:14]         " genomes)"), paste0("Trichoderma\n(", n_distinct(t_set), 
INFO [2020-03-11 16:05:14]         " Orthogroups across ", nrow(filter(meta, clade_groups == 
INFO [2020-03-11 16:05:14]             "Trichoderma")), " genomes)"))
INFO [2020-03-11 16:05:14] 
INFO [2020-03-11 16:05:14] $filename
INFO [2020-03-11 16:05:14] [1] "plots/shared_genes_venn_diagramm.png"
INFO [2020-03-11 16:05:14] 
INFO [2020-03-11 16:05:14] $resolution
INFO [2020-03-11 16:05:14] [1] 300
INFO [2020-03-11 16:05:14] 
INFO [2020-03-11 16:05:14] $fontface
INFO [2020-03-11 16:05:14] [1] "bold"
INFO [2020-03-11 16:05:14] 
INFO [2020-03-11 16:05:14] $fontfamily
INFO [2020-03-11 16:05:14] [1] "sans"
INFO [2020-03-11 16:05:14] 
INFO [2020-03-11 16:05:14] $main.fontface
INFO [2020-03-11 16:05:14] [1] "bold"
INFO [2020-03-11 16:05:14] 
INFO [2020-03-11 16:05:14] $main.fontfamily
INFO [2020-03-11 16:05:14] [1] "sans"
INFO [2020-03-11 16:05:14] 
INFO [2020-03-11 16:05:14] $cat.fontface
INFO [2020-03-11 16:05:14] [1] "bold"
INFO [2020-03-11 16:05:14] 
INFO [2020-03-11 16:05:14] $cat.default.pos
INFO [2020-03-11 16:05:14] [1] "outer"
INFO [2020-03-11 16:05:14] 
INFO [2020-03-11 16:05:14] $cat.pos
INFO [2020-03-11 16:05:14] c(-27, 27, 135)
INFO [2020-03-11 16:05:14] 
INFO [2020-03-11 16:05:14] $cat.dist
INFO [2020-03-11 16:05:14] c(0.055, 0.055, 0.085)
INFO [2020-03-11 16:05:14] 
INFO [2020-03-11 16:05:14] $cat.fontfamily
INFO [2020-03-11 16:05:14] [1] "sans"
INFO [2020-03-11 16:05:14] 
INFO [2020-03-11 16:05:14] $rotation
INFO [2020-03-11 16:05:14] [1] 1
INFO [2020-03-11 16:05:14] 
