INFO [2020-03-16 13:30:33] $x
INFO [2020-03-16 13:30:33] list(Escovopsis = esco_set, `Hypomyces/Cladobotryum` = ch_set, 
INFO [2020-03-16 13:30:33]     Trichoderma = t_set)
INFO [2020-03-16 13:30:33] 
INFO [2020-03-16 13:30:33] $height
INFO [2020-03-16 13:30:33] [1] 3000
INFO [2020-03-16 13:30:33] 
INFO [2020-03-16 13:30:33] $width
INFO [2020-03-16 13:30:33] [1] 3000
INFO [2020-03-16 13:30:33] 
INFO [2020-03-16 13:30:33] $category.names
INFO [2020-03-16 13:30:33] c(paste0("Escovopsis\n(", n_distinct(esco_set), " Orthologues across ", 
INFO [2020-03-16 13:30:33]     nrow(filter(meta, clade_groups == "Escovopsis")), " genomes)"), 
INFO [2020-03-16 13:30:33]     paste0("Cladobotryum_Hypomyces\n(", n_distinct(ch_set), " Orthogroups across ", 
INFO [2020-03-16 13:30:33]         nrow(filter(meta, clade_groups == "Hypomyces/Cladobotryum")), 
INFO [2020-03-16 13:30:33]         " genomes)"), paste0("Trichoderma\n(", n_distinct(t_set), 
INFO [2020-03-16 13:30:33]         " Orthogroups across ", nrow(filter(meta, clade_groups == 
INFO [2020-03-16 13:30:33]             "Trichoderma")), " genomes)"))
INFO [2020-03-16 13:30:33] 
INFO [2020-03-16 13:30:33] $filename
INFO [2020-03-16 13:30:33] [1] "plots/shared_genes_venn_diagramm.png"
INFO [2020-03-16 13:30:33] 
INFO [2020-03-16 13:30:33] $resolution
INFO [2020-03-16 13:30:33] [1] 300
INFO [2020-03-16 13:30:33] 
INFO [2020-03-16 13:30:33] $fontface
INFO [2020-03-16 13:30:33] [1] "bold"
INFO [2020-03-16 13:30:33] 
INFO [2020-03-16 13:30:33] $fontfamily
INFO [2020-03-16 13:30:33] [1] "sans"
INFO [2020-03-16 13:30:33] 
INFO [2020-03-16 13:30:33] $main.fontface
INFO [2020-03-16 13:30:33] [1] "bold"
INFO [2020-03-16 13:30:33] 
INFO [2020-03-16 13:30:33] $main.fontfamily
INFO [2020-03-16 13:30:33] [1] "sans"
INFO [2020-03-16 13:30:33] 
INFO [2020-03-16 13:30:33] $cat.fontface
INFO [2020-03-16 13:30:33] [1] "bold"
INFO [2020-03-16 13:30:33] 
INFO [2020-03-16 13:30:33] $cat.default.pos
INFO [2020-03-16 13:30:33] [1] "outer"
INFO [2020-03-16 13:30:33] 
INFO [2020-03-16 13:30:33] $cat.pos
INFO [2020-03-16 13:30:33] c(-27, 27, 135)
INFO [2020-03-16 13:30:33] 
INFO [2020-03-16 13:30:33] $cat.dist
INFO [2020-03-16 13:30:33] c(0.055, 0.055, 0.085)
INFO [2020-03-16 13:30:33] 
INFO [2020-03-16 13:30:33] $cat.fontfamily
INFO [2020-03-16 13:30:33] [1] "sans"
INFO [2020-03-16 13:30:33] 
INFO [2020-03-16 13:30:33] $rotation
INFO [2020-03-16 13:30:33] [1] 1
INFO [2020-03-16 13:30:33] 
