INFO [2020-03-19 16:23:59] $x
INFO [2020-03-19 16:23:59] list(Escovopsis = esco_set, `Hypomyces/Cladobotryum` = ch_set, 
INFO [2020-03-19 16:23:59]     Trichoderma = t_set)
INFO [2020-03-19 16:23:59] 
INFO [2020-03-19 16:23:59] $height
INFO [2020-03-19 16:23:59] [1] 3000
INFO [2020-03-19 16:23:59] 
INFO [2020-03-19 16:23:59] $width
INFO [2020-03-19 16:23:59] [1] 3000
INFO [2020-03-19 16:23:59] 
INFO [2020-03-19 16:23:59] $category.names
INFO [2020-03-19 16:23:59] c(paste0("Escovopsis\n(", n_distinct(esco_set), " Orthologues across ", 
INFO [2020-03-19 16:23:59]     nrow(filter(meta, clade_groups == "Escovopsis")), " genomes)"), 
INFO [2020-03-19 16:23:59]     paste0("Cladobotryum_Hypomyces\n(", n_distinct(ch_set), " Orthogroups across ", 
INFO [2020-03-19 16:23:59]         nrow(filter(meta, clade_groups == "Hypomyces/Cladobotryum")), 
INFO [2020-03-19 16:23:59]         " genomes)"), paste0("Trichoderma\n(", n_distinct(t_set), 
INFO [2020-03-19 16:23:59]         " Orthogroups across ", nrow(filter(meta, clade_groups == 
INFO [2020-03-19 16:23:59]             "Trichoderma")), " genomes)"))
INFO [2020-03-19 16:23:59] 
INFO [2020-03-19 16:23:59] $filename
INFO [2020-03-19 16:23:59] [1] "plots/shared_genes_venn_diagramm.png"
INFO [2020-03-19 16:23:59] 
INFO [2020-03-19 16:23:59] $resolution
INFO [2020-03-19 16:23:59] [1] 300
INFO [2020-03-19 16:23:59] 
INFO [2020-03-19 16:23:59] $fontface
INFO [2020-03-19 16:23:59] [1] "bold"
INFO [2020-03-19 16:23:59] 
INFO [2020-03-19 16:23:59] $fontfamily
INFO [2020-03-19 16:23:59] [1] "sans"
INFO [2020-03-19 16:23:59] 
INFO [2020-03-19 16:23:59] $main.fontface
INFO [2020-03-19 16:23:59] [1] "bold"
INFO [2020-03-19 16:23:59] 
INFO [2020-03-19 16:23:59] $main.fontfamily
INFO [2020-03-19 16:23:59] [1] "sans"
INFO [2020-03-19 16:23:59] 
INFO [2020-03-19 16:23:59] $cat.fontface
INFO [2020-03-19 16:23:59] [1] "bold"
INFO [2020-03-19 16:23:59] 
INFO [2020-03-19 16:23:59] $cat.default.pos
INFO [2020-03-19 16:23:59] [1] "outer"
INFO [2020-03-19 16:23:59] 
INFO [2020-03-19 16:23:59] $cat.pos
INFO [2020-03-19 16:23:59] c(-27, 27, 135)
INFO [2020-03-19 16:23:59] 
INFO [2020-03-19 16:23:59] $cat.dist
INFO [2020-03-19 16:23:59] c(0.055, 0.055, 0.085)
INFO [2020-03-19 16:23:59] 
INFO [2020-03-19 16:23:59] $cat.fontfamily
INFO [2020-03-19 16:23:59] [1] "sans"
INFO [2020-03-19 16:23:59] 
INFO [2020-03-19 16:23:59] $rotation
INFO [2020-03-19 16:23:59] [1] 1
INFO [2020-03-19 16:23:59] 
